<?xml version="1.0" encoding="UTF-8"?>
<!-- Generated by org.testng.reporters.JUnitXMLReporter -->
<testsuite hostname="DESKTOP-P69S7HG" ignored="4" name="Test" tests="2" failures="0" timestamp="26 Jul 2022 14:33:49 GMT" time="0.033" errors="0">
  <testcase name="test1" time="0.008" classname="org.group.ClassA"/>
  <testcase name="test2" time="0.001" classname="org.group.ClassA"/>
  <testcase name="test4" time="0.0" classname="org.group.ClassA">
    <ignored/>
  </testcase> <!-- test4 -->
  <testcase name="test5" time="0.0" classname="org.group.ClassA">
    <ignored/>
  </testcase> <!-- test5 -->
  <testcase name="test3" time="0.0" classname="org.group.ClassA">
    <ignored/>
  </testcase> <!-- test3 -->
  <testcase name="test6" time="0.0" classname="org.group.ClassA">
    <ignored/>
  </testcase> <!-- test6 -->
</testsuite> <!-- Test -->
